[INFO]: Shader BlurShader_VertexShader compiled successfully!
[INFO]: Shader BlurShader_FragmentShader compiled successfully!
[INFO]: Shader BlurShader linked successfully!
[INFO]: Shader SsaoShader_VertexShader compiled successfully!
[INFO]: Shader SsaoShader_FragmentShader compiled successfully!
[INFO]: Shader SsaoShader linked successfully!
[INFO]: Shader SpotLightShader_VertexShader compiled successfully!
[INFO]: Shader SpotLightShader_FragmentShader compiled successfully!
[INFO]: Shader SpotLightShader linked successfully!
[INFO]: Shader PointLightShader_VertexShader compiled successfully!
[INFO]: Shader PointLightShader_FragmentShader compiled successfully!
[INFO]: Shader PointLightShader linked successfully!
[INFO]: Shader DirectionalLightShader_VertexShader compiled successfully!
[INFO]: Shader DirectionalLightShader_FragmentShader compiled successfully!
[INFO]: Shader DirectionalLightShader linked successfully!
[INFO]: Shader AmbientLightShader_VertexShader compiled successfully!
[INFO]: Shader AmbientLightShader_FragmentShader compiled successfully!
[INFO]: Shader AmbientLightShader linked successfully!
[INFO]: Shader FlatShader_VertexShader compiled successfully!
[INFO]: Shader FlatShader_FragmentShader compiled successfully!
[INFO]: Shader FlatShader linked successfully!
[INFO]: Shader SkyboxShader_VertexShader compiled successfully!
[INFO]: Shader SkyboxShader_FragmentShader compiled successfully!
[INFO]: Shader SkyboxShader linked successfully!
[INFO]: Shader SpotVolumetricLight_VertexShader compiled successfully!
[INFO]: Shader SpotVolumetricLight_FragmentShader compiled successfully!
[INFO]: Shader SpotVolumetricLight linked successfully!
[INFO]: Shader PointVolumetricLight_VertexShader compiled successfully!
[INFO]: Shader PointVolumetricLight_FragmentShader compiled successfully!
[INFO]: Shader PointVolumetricLight linked successfully!
[INFO]: Shader FlatShader_VertexShader compiled successfully!
[INFO]: Shader FlatShader_FragmentShader compiled successfully!
[INFO]: Shader FlatShader linked successfully!
[INFO]: Shader FlatShader_VertexShader compiled successfully!
[INFO]: Shader FlatShader_FragmentShader compiled successfully!
[INFO]: Shader FlatShader linked successfully!
[INFO]: Shader SpriteShader_VertexShader compiled successfully!
[INFO]: Shader SpriteShader_FragmentShader compiled successfully!
[INFO]: Shader SpriteShader linked successfully!
[INFO]: Shader UIShader_VertexShader compiled successfully!
[INFO]: Shader UIShader_FragmentShader compiled successfully!
[INFO]: Shader UIShader linked successfully!
[INFO]: Shader ParticleSystemShader_VertexShader compiled successfully!
[INFO]: Shader ParticleSystemShader_FragmentShader compiled successfully!
[INFO]: Shader ParticleSystemShader linked successfully!
[INFO]: Shader DebugShader_VertexShader compiled successfully!
[INFO]: Shader DebugShader_FragmentShader compiled successfully!
[INFO]: Shader DebugShader linked successfully!
[INFO]: Shader FXAAShader_VertexShader compiled successfully!
[INFO]: Shader FXAAShader_FragmentShader compiled successfully!
[INFO]: Shader FXAAShader linked successfully!
[INFO]: Shader RectangleShader_VertexShader compiled successfully!
[INFO]: Shader RectangleShader_FragmentShader compiled successfully!
[INFO]: Shader RectangleShader linked successfully!
[INFO]: Shader BlurShader_VertexShader compiled successfully!
[INFO]: Shader BlurShader_FragmentShader compiled successfully!
[INFO]: Shader BlurShader linked successfully!
[INFO]: Shader SsaoShader_VertexShader compiled successfully!
[INFO]: Shader SsaoShader_FragmentShader compiled successfully!
[INFO]: Shader SsaoShader linked successfully!
